\BOOKMARK [1][-]{section.0.1}{Punto flotante y redondeo}{}% 1
\BOOKMARK [2][-]{subsection.0.1.1}{ de la m\341quina}{section.0.1}% 2
\BOOKMARK [2][-]{subsection.0.1.2}{Problemas al redondear y c\363mo evitarlos}{section.0.1}% 3
\BOOKMARK [1][-]{section.0.2}{Metodos de un paso}{}% 4
\BOOKMARK [1][-]{section.0.3}{Diferencias finitas}{}% 5
\BOOKMARK [1][-]{section.0.4}{SVD}{}% 6
\BOOKMARK [1][-]{section.0.5}{Resolucion de sistemas lineales}{}% 7
\BOOKMARK [2][-]{subsection.0.5.1}{M\351todos directos}{section.0.5}% 8
\BOOKMARK [2][-]{subsection.0.5.2}{M\351todos iterativos}{section.0.5}% 9
\BOOKMARK [1][-]{section.0.6}{Normas y condicionamiento de matrices}{}% 10
\BOOKMARK [1][-]{section.0.7}{M\351todos iterativos para resolver sistemas lineales}{}% 11
\BOOKMARK [2][-]{subsection.0.7.1}{M\351todo de House Holder}{section.0.7}% 12
\BOOKMARK [2][-]{subsection.0.7.2}{El m\351todo de gradiente}{section.0.7}% 13
\BOOKMARK [1][-]{section.0.8}{Interpolaci\363n}{}% 14
\BOOKMARK [2][-]{subsection.0.8.1}{Construcci\363n}{section.0.8}% 15
\BOOKMARK [2][-]{subsection.0.8.2}{Error de interpolaci\363n}{section.0.8}% 16
\BOOKMARK [2][-]{subsection.0.8.3}{Forma de Newton}{section.0.8}% 17
\BOOKMARK [2][-]{subsection.0.8.4}{Polinomios de Tchebychev - Minimizaci\363n del Error}{section.0.8}% 18
\BOOKMARK [2][-]{subsection.0.8.5}{Hermite}{section.0.8}% 19
\BOOKMARK [2][-]{subsection.0.8.6}{Interpolaci\363n por polinomios a trozos, Splines c\372bicos}{section.0.8}% 20
\BOOKMARK [1][-]{section.0.9}{Aproximaci\363n por cuadrados m\355nimos}{}% 21
\BOOKMARK [1][-]{section.0.10}{Reglas de cuadratura}{}% 22
\BOOKMARK [2][-]{subsection.0.10.1}{Cuadratura Gaussiana}{section.0.10}% 23
\BOOKMARK [2][-]{subsection.0.10.2}{Convergencia}{section.0.10}% 24
\BOOKMARK [1][-]{section.0.11}{B\372squeda de ra\355ces}{}% 25
\BOOKMARK [2][-]{subsection.0.11.1}{Bisecci\363n}{section.0.11}% 26
\BOOKMARK [2][-]{subsection.0.11.2}{Regula falsi}{section.0.11}% 27
\BOOKMARK [2][-]{subsection.0.11.3}{Newton-Raphson}{section.0.11}% 28
\BOOKMARK [2][-]{subsection.0.11.4}{Punto fijo}{section.0.11}% 29
\BOOKMARK [2][-]{subsection.0.11.5}{M\351todo de la secante}{section.0.11}% 30
\BOOKMARK [1][-]{section.0.12}{M\351todos multipaso lineales}{}% 31
\BOOKMARK [1][-]{section.0.13}{Cosas que me falta entender bien}{}% 32
\BOOKMARK [1][-]{section.0.14}{Algunos supuestos errores que encontr\351 en el Dur\341n-Lasalle-Rossi}{}% 33
\BOOKMARK [1][-]{section.0.15}{Ejercicios de final}{}% 34
\BOOKMARK [2][-]{subsection.0.15.1}{Ejercicio 2 Examen final 19/3/04}{section.0.15}% 35
\BOOKMARK [2][-]{subsection.0.15.2}{Ejercicio 1 Examen final 16/6/04}{section.0.15}% 36
\BOOKMARK [2][-]{subsection.0.15.3}{Ejercicio 3 Examen final 19/03/04}{section.0.15}% 37
\BOOKMARK [2][-]{subsection.0.15.4}{Ejercicio 21 pr\341ctica 7}{section.0.15}% 38
