This is pdfTeX, Version 3.14159265-2.6-1.40.16 (TeX Live 2015/Debian) (preloaded format=pdflatex 2017.8.23)  22 DEC 2017 13:46
entering extended mode
 restricted \write18 enabled.
 %&-line parsing enabled.
**final.tex
(./final.tex
LaTeX2e <2016/02/01>
Babel <3.9q> and hyphenation patterns for 81 language(s) loaded.
(/usr/share/texlive/texmf-dist/tex/latex/base/report.cls
Document Class: report 2014/09/29 v1.4h Standard LaTeX document class
(/usr/share/texlive/texmf-dist/tex/latex/base/size10.clo
File: size10.clo 2014/09/29 v1.4h Standard LaTeX file (size option)
)
\c@part=\count79
\c@chapter=\count80
\c@section=\count81
\c@subsection=\count82
\c@subsubsection=\count83
\c@paragraph=\count84
\c@subparagraph=\count85
\c@figure=\count86
\c@table=\count87
\abovecaptionskip=\skip41
\belowcaptionskip=\skip42
\bibindent=\dimen102
)
(/usr/share/texlive/texmf-dist/tex/latex/amsmath/amsmath.sty
Package: amsmath 2016/03/03 v2.15a AMS math features
\@mathmargin=\skip43

For additional information on amsmath, use the `?' option.
(/usr/share/texlive/texmf-dist/tex/latex/amsmath/amstext.sty
Package: amstext 2000/06/29 v2.01 AMS text

(/usr/share/texlive/texmf-dist/tex/latex/amsmath/amsgen.sty
File: amsgen.sty 1999/11/30 v2.0 generic functions
\@emptytoks=\toks14
\ex@=\dimen103
))
(/usr/share/texlive/texmf-dist/tex/latex/amsmath/amsbsy.sty
Package: amsbsy 1999/11/29 v1.2d Bold Symbols
\pmbraise@=\dimen104
)
(/usr/share/texlive/texmf-dist/tex/latex/amsmath/amsopn.sty
Package: amsopn 1999/12/14 v2.01 operator names
)
\inf@bad=\count88
LaTeX Info: Redefining \frac on input line 199.
\uproot@=\count89
\leftroot@=\count90
LaTeX Info: Redefining \overline on input line 297.
\classnum@=\count91
\DOTSCASE@=\count92
LaTeX Info: Redefining \ldots on input line 394.
LaTeX Info: Redefining \dots on input line 397.
LaTeX Info: Redefining \cdots on input line 518.
\Mathstrutbox@=\box26
\strutbox@=\box27
\big@size=\dimen105
LaTeX Font Info:    Redeclaring font encoding OML on input line 630.
LaTeX Font Info:    Redeclaring font encoding OMS on input line 631.
\macc@depth=\count93
\c@MaxMatrixCols=\count94
\dotsspace@=\muskip10
\c@parentequation=\count95
\dspbrk@lvl=\count96
\tag@help=\toks15
\row@=\count97
\column@=\count98
\maxfields@=\count99
\andhelp@=\toks16
\eqnshift@=\dimen106
\alignsep@=\dimen107
\tagshift@=\dimen108
\tagwidth@=\dimen109
\totwidth@=\dimen110
\lineht@=\dimen111
\@envbody=\toks17
\multlinegap=\skip44
\multlinetaggap=\skip45
\mathdisplay@stack=\toks18
LaTeX Info: Redefining \[ on input line 2735.
LaTeX Info: Redefining \] on input line 2736.
)
(/usr/share/texlive/texmf-dist/tex/latex/amsfonts/amsfonts.sty
Package: amsfonts 2013/01/14 v3.01 Basic AMSFonts support
\symAMSa=\mathgroup4
\symAMSb=\mathgroup5
LaTeX Font Info:    Overwriting math alphabet `\mathfrak' in version `bold'
(Font)                  U/euf/m/n --> U/euf/b/n on input line 106.
)
(/usr/share/texlive/texmf-dist/tex/latex/listings/listings.sty
(/usr/share/texlive/texmf-dist/tex/latex/graphics/keyval.sty
Package: keyval 2014/10/28 v1.15 key=value parser (DPC)
\KV@toks@=\toks19
)
\lst@mode=\count100
\lst@gtempboxa=\box28
\lst@token=\toks20
\lst@length=\count101
\lst@currlwidth=\dimen112
\lst@column=\count102
\lst@pos=\count103
\lst@lostspace=\dimen113
\lst@width=\dimen114
\lst@newlines=\count104
\lst@lineno=\count105
\lst@maxwidth=\dimen115

(/usr/share/texlive/texmf-dist/tex/latex/listings/lstmisc.sty
File: lstmisc.sty 2015/06/04 1.6 (Carsten Heinz)
\c@lstnumber=\count106
\lst@skipnumbers=\count107
\lst@framebox=\box29
)
(/usr/share/texlive/texmf-dist/tex/latex/listings/listings.cfg
File: listings.cfg 2015/06/04 1.6 listings configuration
))
Package: listings 2015/06/04 1.6 (Carsten Heinz)

(/usr/share/texlive/texmf-dist/tex/latex/graphics/graphicx.sty
Package: graphicx 2014/10/28 v1.0g Enhanced LaTeX Graphics (DPC,SPQR)

(/usr/share/texlive/texmf-dist/tex/latex/graphics/graphics.sty
Package: graphics 2016/01/03 v1.0q Standard LaTeX Graphics (DPC,SPQR)

(/usr/share/texlive/texmf-dist/tex/latex/graphics/trig.sty
Package: trig 2016/01/03 v1.10 sin cos tan (DPC)
)
(/usr/share/texlive/texmf-dist/tex/latex/latexconfig/graphics.cfg
File: graphics.cfg 2010/04/23 v1.9 graphics configuration of TeX Live
)
Package graphics Info: Driver file: pdftex.def on input line 95.

(/usr/share/texlive/texmf-dist/tex/latex/pdftex-def/pdftex.def
File: pdftex.def 2011/05/27 v0.06d Graphics/color for pdfTeX

(/usr/share/texlive/texmf-dist/tex/generic/oberdiek/infwarerr.sty
Package: infwarerr 2010/04/08 v1.3 Providing info/warning/error messages (HO)
)
(/usr/share/texlive/texmf-dist/tex/generic/oberdiek/ltxcmds.sty
Package: ltxcmds 2011/11/09 v1.22 LaTeX kernel commands for general use (HO)
)
\Gread@gobject=\count108
))
\Gin@req@height=\dimen116
\Gin@req@width=\dimen117
)
(/usr/share/texlive/texmf-dist/tex/latex/caption/caption.sty
Package: caption 2016/02/21 v3.3-144 Customizing captions (AR)

(/usr/share/texlive/texmf-dist/tex/latex/caption/caption3.sty
Package: caption3 2016/02/04 v1.7-139 caption3 kernel (AR)
Package caption3 Info: TeX engine: e-TeX on input line 67.
\captionmargin=\dimen118
\captionmargin@=\dimen119
\captionwidth=\dimen120
\caption@tempdima=\dimen121
\caption@indent=\dimen122
\caption@parindent=\dimen123
\caption@hangindent=\dimen124
)
\c@ContinuedFloat=\count109
Package caption Info: listings package is loaded.
)
(/usr/share/texlive/texmf-dist/tex/latex/hyperref/hyperref.sty
Package: hyperref 2012/11/06 v6.83m Hypertext links for LaTeX

(/usr/share/texlive/texmf-dist/tex/generic/oberdiek/hobsub-hyperref.sty
Package: hobsub-hyperref 2012/05/28 v1.13 Bundle oberdiek, subset hyperref (HO)


(/usr/share/texlive/texmf-dist/tex/generic/oberdiek/hobsub-generic.sty
Package: hobsub-generic 2012/05/28 v1.13 Bundle oberdiek, subset generic (HO)
Package: hobsub 2012/05/28 v1.13 Construct package bundles (HO)
Package hobsub Info: Skipping package `infwarerr' (already loaded).
Package hobsub Info: Skipping package `ltxcmds' (already loaded).
Package: ifluatex 2010/03/01 v1.3 Provides the ifluatex switch (HO)
Package ifluatex Info: LuaTeX not detected.
Package: ifvtex 2010/03/01 v1.5 Detect VTeX and its facilities (HO)
Package ifvtex Info: VTeX not detected.
Package: intcalc 2007/09/27 v1.1 Expandable calculations with integers (HO)
Package: ifpdf 2011/01/30 v2.3 Provides the ifpdf switch (HO)
Package ifpdf Info: pdfTeX in PDF mode is detected.
Package: etexcmds 2011/02/16 v1.5 Avoid name clashes with e-TeX commands (HO)
Package etexcmds Info: Could not find \expanded.
(etexcmds)             That can mean that you are not using pdfTeX 1.50 or
(etexcmds)             that some package has redefined \expanded.
(etexcmds)             In the latter case, load this package earlier.
Package: kvsetkeys 2012/04/25 v1.16 Key value parser (HO)
Package: kvdefinekeys 2011/04/07 v1.3 Define keys (HO)
Package: pdftexcmds 2011/11/29 v0.20 Utility functions of pdfTeX for LuaTeX (HO
)
Package pdftexcmds Info: LuaTeX not detected.
Package pdftexcmds Info: \pdf@primitive is available.
Package pdftexcmds Info: \pdf@ifprimitive is available.
Package pdftexcmds Info: \pdfdraftmode found.
Package: pdfescape 2011/11/25 v1.13 Implements pdfTeX's escape features (HO)
Package: bigintcalc 2012/04/08 v1.3 Expandable calculations on big integers (HO
)
Package: bitset 2011/01/30 v1.1 Handle bit-vector datatype (HO)
Package: uniquecounter 2011/01/30 v1.2 Provide unlimited unique counter (HO)
)
Package hobsub Info: Skipping package `hobsub' (already loaded).
Package: letltxmacro 2010/09/02 v1.4 Let assignment for LaTeX macros (HO)
Package: hopatch 2012/05/28 v1.2 Wrapper for package hooks (HO)
Package: xcolor-patch 2011/01/30 xcolor patch
Package: atveryend 2011/06/30 v1.8 Hooks at the very end of document (HO)
Package atveryend Info: \enddocument detected (standard20110627).
Package: atbegshi 2011/10/05 v1.16 At begin shipout hook (HO)
Package: refcount 2011/10/16 v3.4 Data extraction from label references (HO)
Package: hycolor 2011/01/30 v1.7 Color options for hyperref/bookmark (HO)
)
(/usr/share/texlive/texmf-dist/tex/generic/ifxetex/ifxetex.sty
Package: ifxetex 2010/09/12 v0.6 Provides ifxetex conditional
)
(/usr/share/texlive/texmf-dist/tex/latex/oberdiek/auxhook.sty
Package: auxhook 2011/03/04 v1.3 Hooks for auxiliary files (HO)
)
(/usr/share/texlive/texmf-dist/tex/latex/oberdiek/kvoptions.sty
Package: kvoptions 2011/06/30 v3.11 Key value format for package options (HO)
)
\@linkdim=\dimen125
\Hy@linkcounter=\count110
\Hy@pagecounter=\count111

(/usr/share/texlive/texmf-dist/tex/latex/hyperref/pd1enc.def
File: pd1enc.def 2012/11/06 v6.83m Hyperref: PDFDocEncoding definition (HO)
)
\Hy@SavedSpaceFactor=\count112

(/usr/share/texlive/texmf-dist/tex/latex/latexconfig/hyperref.cfg
File: hyperref.cfg 2002/06/06 v1.2 hyperref configuration of TeXLive
)
Package hyperref Info: Option `final' set `true' on input line 4319.
Package hyperref Info: Hyper figures OFF on input line 4443.
Package hyperref Info: Link nesting OFF on input line 4448.
Package hyperref Info: Hyper index ON on input line 4451.
Package hyperref Info: Plain pages OFF on input line 4458.
Package hyperref Info: Backreferencing OFF on input line 4463.
Package hyperref Info: Implicit mode ON; LaTeX internals redefined.
Package hyperref Info: Bookmarks ON on input line 4688.
\c@Hy@tempcnt=\count113

(/usr/share/texlive/texmf-dist/tex/latex/url/url.sty
\Urlmuskip=\muskip11
Package: url 2013/09/16  ver 3.4  Verb mode for urls, etc.
)
LaTeX Info: Redefining \url on input line 5041.
\XeTeXLinkMargin=\dimen126
\Fld@menulength=\count114
\Field@Width=\dimen127
\Fld@charsize=\dimen128
Package hyperref Info: Hyper figures OFF on input line 6295.
Package hyperref Info: Link nesting OFF on input line 6300.
Package hyperref Info: Hyper index ON on input line 6303.
Package hyperref Info: backreferencing OFF on input line 6310.
Package hyperref Info: Link coloring OFF on input line 6315.
Package hyperref Info: Link coloring with OCG OFF on input line 6320.
Package hyperref Info: PDF/A mode OFF on input line 6325.
LaTeX Info: Redefining \ref on input line 6365.
LaTeX Info: Redefining \pageref on input line 6369.
\Hy@abspage=\count115
\c@Item=\count116
\c@Hfootnote=\count117
)

Package hyperref Message: Driver (autodetected): hpdftex.

(/usr/share/texlive/texmf-dist/tex/latex/hyperref/hpdftex.def
File: hpdftex.def 2012/11/06 v6.83m Hyperref driver for pdfTeX
\Fld@listcount=\count118
\c@bookmark@seq@number=\count119

(/usr/share/texlive/texmf-dist/tex/latex/oberdiek/rerunfilecheck.sty
Package: rerunfilecheck 2011/04/15 v1.7 Rerun checks for auxiliary files (HO)
Package uniquecounter Info: New unique counter `rerunfilecheck' on input line 2
82.
)
\Hy@SectionHShift=\skip46
)
(/usr/share/texlive/texmf-dist/tex/latex/base/inputenc.sty
Package: inputenc 2015/03/17 v1.2c Input encoding file
\inpenc@prehook=\toks21
\inpenc@posthook=\toks22

(/usr/share/texlive/texmf-dist/tex/latex/base/utf8.def
File: utf8.def 2015/12/03 v1.1r UTF-8 support for inputenc
Now handling font encoding OML ...
... no UTF-8 mapping file for font encoding OML
Now handling font encoding T1 ...
... processing UTF-8 mapping file for font encoding T1

(/usr/share/texlive/texmf-dist/tex/latex/base/t1enc.dfu
File: t1enc.dfu 2015/12/03 v1.1r UTF-8 support for inputenc
   defining Unicode char U+00A0 (decimal 160)
   defining Unicode char U+00A1 (decimal 161)
   defining Unicode char U+00A3 (decimal 163)
   defining Unicode char U+00AB (decimal 171)
   defining Unicode char U+00AD (decimal 173)
   defining Unicode char U+00BB (decimal 187)
   defining Unicode char U+00BF (decimal 191)
   defining Unicode char U+00C0 (decimal 192)
   defining Unicode char U+00C1 (decimal 193)
   defining Unicode char U+00C2 (decimal 194)
   defining Unicode char U+00C3 (decimal 195)
   defining Unicode char U+00C4 (decimal 196)
   defining Unicode char U+00C5 (decimal 197)
   defining Unicode char U+00C6 (decimal 198)
   defining Unicode char U+00C7 (decimal 199)
   defining Unicode char U+00C8 (decimal 200)
   defining Unicode char U+00C9 (decimal 201)
   defining Unicode char U+00CA (decimal 202)
   defining Unicode char U+00CB (decimal 203)
   defining Unicode char U+00CC (decimal 204)
   defining Unicode char U+00CD (decimal 205)
   defining Unicode char U+00CE (decimal 206)
   defining Unicode char U+00CF (decimal 207)
   defining Unicode char U+00D0 (decimal 208)
   defining Unicode char U+00D1 (decimal 209)
   defining Unicode char U+00D2 (decimal 210)
   defining Unicode char U+00D3 (decimal 211)
   defining Unicode char U+00D4 (decimal 212)
   defining Unicode char U+00D5 (decimal 213)
   defining Unicode char U+00D6 (decimal 214)
   defining Unicode char U+00D8 (decimal 216)
   defining Unicode char U+00D9 (decimal 217)
   defining Unicode char U+00DA (decimal 218)
   defining Unicode char U+00DB (decimal 219)
   defining Unicode char U+00DC (decimal 220)
   defining Unicode char U+00DD (decimal 221)
   defining Unicode char U+00DE (decimal 222)
   defining Unicode char U+00DF (decimal 223)
   defining Unicode char U+00E0 (decimal 224)
   defining Unicode char U+00E1 (decimal 225)
   defining Unicode char U+00E2 (decimal 226)
   defining Unicode char U+00E3 (decimal 227)
   defining Unicode char U+00E4 (decimal 228)
   defining Unicode char U+00E5 (decimal 229)
   defining Unicode char U+00E6 (decimal 230)
   defining Unicode char U+00E7 (decimal 231)
   defining Unicode char U+00E8 (decimal 232)
   defining Unicode char U+00E9 (decimal 233)
   defining Unicode char U+00EA (decimal 234)
   defining Unicode char U+00EB (decimal 235)
   defining Unicode char U+00EC (decimal 236)
   defining Unicode char U+00ED (decimal 237)
   defining Unicode char U+00EE (decimal 238)
   defining Unicode char U+00EF (decimal 239)
   defining Unicode char U+00F0 (decimal 240)
   defining Unicode char U+00F1 (decimal 241)
   defining Unicode char U+00F2 (decimal 242)
   defining Unicode char U+00F3 (decimal 243)
   defining Unicode char U+00F4 (decimal 244)
   defining Unicode char U+00F5 (decimal 245)
   defining Unicode char U+00F6 (decimal 246)
   defining Unicode char U+00F8 (decimal 248)
   defining Unicode char U+00F9 (decimal 249)
   defining Unicode char U+00FA (decimal 250)
   defining Unicode char U+00FB (decimal 251)
   defining Unicode char U+00FC (decimal 252)
   defining Unicode char U+00FD (decimal 253)
   defining Unicode char U+00FE (decimal 254)
   defining Unicode char U+00FF (decimal 255)
   defining Unicode char U+0100 (decimal 256)
   defining Unicode char U+0101 (decimal 257)
   defining Unicode char U+0102 (decimal 258)
   defining Unicode char U+0103 (decimal 259)
   defining Unicode char U+0104 (decimal 260)
   defining Unicode char U+0105 (decimal 261)
   defining Unicode char U+0106 (decimal 262)
   defining Unicode char U+0107 (decimal 263)
   defining Unicode char U+0108 (decimal 264)
   defining Unicode char U+0109 (decimal 265)
   defining Unicode char U+010A (decimal 266)
   defining Unicode char U+010B (decimal 267)
   defining Unicode char U+010C (decimal 268)
   defining Unicode char U+010D (decimal 269)
   defining Unicode char U+010E (decimal 270)
   defining Unicode char U+010F (decimal 271)
   defining Unicode char U+0110 (decimal 272)
   defining Unicode char U+0111 (decimal 273)
   defining Unicode char U+0112 (decimal 274)
   defining Unicode char U+0113 (decimal 275)
   defining Unicode char U+0114 (decimal 276)
   defining Unicode char U+0115 (decimal 277)
   defining Unicode char U+0116 (decimal 278)
   defining Unicode char U+0117 (decimal 279)
   defining Unicode char U+0118 (decimal 280)
   defining Unicode char U+0119 (decimal 281)
   defining Unicode char U+011A (decimal 282)
   defining Unicode char U+011B (decimal 283)
   defining Unicode char U+011C (decimal 284)
   defining Unicode char U+011D (decimal 285)
   defining Unicode char U+011E (decimal 286)
   defining Unicode char U+011F (decimal 287)
   defining Unicode char U+0120 (decimal 288)
   defining Unicode char U+0121 (decimal 289)
   defining Unicode char U+0122 (decimal 290)
   defining Unicode char U+0123 (decimal 291)
   defining Unicode char U+0124 (decimal 292)
   defining Unicode char U+0125 (decimal 293)
   defining Unicode char U+0128 (decimal 296)
   defining Unicode char U+0129 (decimal 297)
   defining Unicode char U+012A (decimal 298)
   defining Unicode char U+012B (decimal 299)
   defining Unicode char U+012C (decimal 300)
   defining Unicode char U+012D (decimal 301)
   defining Unicode char U+012E (decimal 302)
   defining Unicode char U+012F (decimal 303)
   defining Unicode char U+0130 (decimal 304)
   defining Unicode char U+0131 (decimal 305)
   defining Unicode char U+0132 (decimal 306)
   defining Unicode char U+0133 (decimal 307)
   defining Unicode char U+0134 (decimal 308)
   defining Unicode char U+0135 (decimal 309)
   defining Unicode char U+0136 (decimal 310)
   defining Unicode char U+0137 (decimal 311)
   defining Unicode char U+0139 (decimal 313)
   defining Unicode char U+013A (decimal 314)
   defining Unicode char U+013B (decimal 315)
   defining Unicode char U+013C (decimal 316)
   defining Unicode char U+013D (decimal 317)
   defining Unicode char U+013E (decimal 318)
   defining Unicode char U+0141 (decimal 321)
   defining Unicode char U+0142 (decimal 322)
   defining Unicode char U+0143 (decimal 323)
   defining Unicode char U+0144 (decimal 324)
   defining Unicode char U+0145 (decimal 325)
   defining Unicode char U+0146 (decimal 326)
   defining Unicode char U+0147 (decimal 327)
   defining Unicode char U+0148 (decimal 328)
   defining Unicode char U+014A (decimal 330)
   defining Unicode char U+014B (decimal 331)
   defining Unicode char U+014C (decimal 332)
   defining Unicode char U+014D (decimal 333)
   defining Unicode char U+014E (decimal 334)
   defining Unicode char U+014F (decimal 335)
   defining Unicode char U+0150 (decimal 336)
   defining Unicode char U+0151 (decimal 337)
   defining Unicode char U+0152 (decimal 338)
   defining Unicode char U+0153 (decimal 339)
   defining Unicode char U+0154 (decimal 340)
   defining Unicode char U+0155 (decimal 341)
   defining Unicode char U+0156 (decimal 342)
   defining Unicode char U+0157 (decimal 343)
   defining Unicode char U+0158 (decimal 344)
   defining Unicode char U+0159 (decimal 345)
   defining Unicode char U+015A (decimal 346)
   defining Unicode char U+015B (decimal 347)
   defining Unicode char U+015C (decimal 348)
   defining Unicode char U+015D (decimal 349)
   defining Unicode char U+015E (decimal 350)
   defining Unicode char U+015F (decimal 351)
   defining Unicode char U+0160 (decimal 352)
   defining Unicode char U+0161 (decimal 353)
   defining Unicode char U+0162 (decimal 354)
   defining Unicode char U+0163 (decimal 355)
   defining Unicode char U+0164 (decimal 356)
   defining Unicode char U+0165 (decimal 357)
   defining Unicode char U+0168 (decimal 360)
   defining Unicode char U+0169 (decimal 361)
   defining Unicode char U+016A (decimal 362)
   defining Unicode char U+016B (decimal 363)
   defining Unicode char U+016C (decimal 364)
   defining Unicode char U+016D (decimal 365)
   defining Unicode char U+016E (decimal 366)
   defining Unicode char U+016F (decimal 367)
   defining Unicode char U+0170 (decimal 368)
   defining Unicode char U+0171 (decimal 369)
   defining Unicode char U+0172 (decimal 370)
   defining Unicode char U+0173 (decimal 371)
   defining Unicode char U+0174 (decimal 372)
   defining Unicode char U+0175 (decimal 373)
   defining Unicode char U+0176 (decimal 374)
   defining Unicode char U+0177 (decimal 375)
   defining Unicode char U+0178 (decimal 376)
   defining Unicode char U+0179 (decimal 377)
   defining Unicode char U+017A (decimal 378)
   defining Unicode char U+017B (decimal 379)
   defining Unicode char U+017C (decimal 380)
   defining Unicode char U+017D (decimal 381)
   defining Unicode char U+017E (decimal 382)
   defining Unicode char U+01CD (decimal 461)
   defining Unicode char U+01CE (decimal 462)
   defining Unicode char U+01CF (decimal 463)
   defining Unicode char U+01D0 (decimal 464)
   defining Unicode char U+01D1 (decimal 465)
   defining Unicode char U+01D2 (decimal 466)
   defining Unicode char U+01D3 (decimal 467)
   defining Unicode char U+01D4 (decimal 468)
   defining Unicode char U+01E2 (decimal 482)
   defining Unicode char U+01E3 (decimal 483)
   defining Unicode char U+01E6 (decimal 486)
   defining Unicode char U+01E7 (decimal 487)
   defining Unicode char U+01E8 (decimal 488)
   defining Unicode char U+01E9 (decimal 489)
   defining Unicode char U+01EA (decimal 490)
   defining Unicode char U+01EB (decimal 491)
   defining Unicode char U+01F0 (decimal 496)
   defining Unicode char U+01F4 (decimal 500)
   defining Unicode char U+01F5 (decimal 501)
   defining Unicode char U+0218 (decimal 536)
   defining Unicode char U+0219 (decimal 537)
   defining Unicode char U+021A (decimal 538)
   defining Unicode char U+021B (decimal 539)
   defining Unicode char U+01E02 (decimal 7682)
   defining Unicode char U+01E03 (decimal 7683)
   defining Unicode char U+200C (decimal 8204)
   defining Unicode char U+2013 (decimal 8211)
   defining Unicode char U+2014 (decimal 8212)
   defining Unicode char U+2018 (decimal 8216)
   defining Unicode char U+2019 (decimal 8217)
   defining Unicode char U+201A (decimal 8218)
   defining Unicode char U+201C (decimal 8220)
   defining Unicode char U+201D (decimal 8221)
   defining Unicode char U+201E (decimal 8222)
   defining Unicode char U+2030 (decimal 8240)
   defining Unicode char U+2031 (decimal 8241)
   defining Unicode char U+2039 (decimal 8249)
   defining Unicode char U+203A (decimal 8250)
   defining Unicode char U+2423 (decimal 9251)
)
Now handling font encoding OT1 ...
... processing UTF-8 mapping file for font encoding OT1

(/usr/share/texlive/texmf-dist/tex/latex/base/ot1enc.dfu
File: ot1enc.dfu 2015/12/03 v1.1r UTF-8 support for inputenc
   defining Unicode char U+00A0 (decimal 160)
   defining Unicode char U+00A1 (decimal 161)
   defining Unicode char U+00A3 (decimal 163)
   defining Unicode char U+00AD (decimal 173)
   defining Unicode char U+00B8 (decimal 184)
   defining Unicode char U+00BF (decimal 191)
   defining Unicode char U+00C5 (decimal 197)
   defining Unicode char U+00C6 (decimal 198)
   defining Unicode char U+00D8 (decimal 216)
   defining Unicode char U+00DF (decimal 223)
   defining Unicode char U+00E6 (decimal 230)
   defining Unicode char U+00EC (decimal 236)
   defining Unicode char U+00ED (decimal 237)
   defining Unicode char U+00EE (decimal 238)
   defining Unicode char U+00EF (decimal 239)
   defining Unicode char U+00F8 (decimal 248)
   defining Unicode char U+0131 (decimal 305)
   defining Unicode char U+0141 (decimal 321)
   defining Unicode char U+0142 (decimal 322)
   defining Unicode char U+0152 (decimal 338)
   defining Unicode char U+0153 (decimal 339)
   defining Unicode char U+0174 (decimal 372)
   defining Unicode char U+0175 (decimal 373)
   defining Unicode char U+0176 (decimal 374)
   defining Unicode char U+0177 (decimal 375)
   defining Unicode char U+0218 (decimal 536)
   defining Unicode char U+0219 (decimal 537)
   defining Unicode char U+021A (decimal 538)
   defining Unicode char U+021B (decimal 539)
   defining Unicode char U+2013 (decimal 8211)
   defining Unicode char U+2014 (decimal 8212)
   defining Unicode char U+2018 (decimal 8216)
   defining Unicode char U+2019 (decimal 8217)
   defining Unicode char U+201C (decimal 8220)
   defining Unicode char U+201D (decimal 8221)
)
Now handling font encoding OMS ...
... processing UTF-8 mapping file for font encoding OMS

(/usr/share/texlive/texmf-dist/tex/latex/base/omsenc.dfu
File: omsenc.dfu 2015/12/03 v1.1r UTF-8 support for inputenc
   defining Unicode char U+00A7 (decimal 167)
   defining Unicode char U+00B6 (decimal 182)
   defining Unicode char U+00B7 (decimal 183)
   defining Unicode char U+2020 (decimal 8224)
   defining Unicode char U+2021 (decimal 8225)
   defining Unicode char U+2022 (decimal 8226)
)
Now handling font encoding OMX ...
... no UTF-8 mapping file for font encoding OMX
Now handling font encoding U ...
... no UTF-8 mapping file for font encoding U
Now handling font encoding PD1 ...
... no UTF-8 mapping file for font encoding PD1
   defining Unicode char U+00A9 (decimal 169)
   defining Unicode char U+00AA (decimal 170)
   defining Unicode char U+00AE (decimal 174)
   defining Unicode char U+00BA (decimal 186)
   defining Unicode char U+02C6 (decimal 710)
   defining Unicode char U+02DC (decimal 732)
   defining Unicode char U+200C (decimal 8204)
   defining Unicode char U+2026 (decimal 8230)
   defining Unicode char U+2122 (decimal 8482)
   defining Unicode char U+2423 (decimal 9251)
))
(/usr/share/texlive/texmf-dist/tex/generic/babel/babel.sty
Package: babel 2016/02/24 3.9q The Babel package

(/usr/share/texlive/texmf-dist/tex/generic/babel-spanish/spanish.ldf
Language: spanish.ldf 2016/01/15 v5.0o Spanish support from the babel system

(/usr/share/texlive/texmf-dist/tex/generic/babel/babel.def
File: babel.def 2016/02/24 3.9q Babel common definitions
\babel@savecnt=\count120
\U@D=\dimen129
)
\es@quottoks=\toks23
\es@quotdepth=\count121
Package babel Info: Making " an active character on input line 533.
Package babel Info: Making . an active character on input line 634.
Package babel Info: Making < an active character on input line 679.
Package babel Info: Making > an active character on input line 679.
))
(/usr/share/texlive/texmf-dist/tex/latex/amscls/amsthm.sty
Package: amsthm 2015/03/04 v2.20.2
\thm@style=\toks24
\thm@bodyfont=\toks25
\thm@headfont=\toks26
\thm@notefont=\toks27
\thm@headpunct=\toks28
\thm@preskip=\skip47
\thm@postskip=\skip48
\thm@headsep=\skip49
\dth@everypar=\toks29
)
\c@theorem=\count122
\c@lemma=\count123
\c@definition=\count124
\c@proposition=\count125
\c@observation=\count126
\c@corollary=\count127
\c@example=\count128
\c@caution=\count129
 (./final.aux
LaTeX Info: Redefining \. on input line 23.
LaTeX Info: Redefining \% on input line 23.
)
\openout1 = `final.aux'.

LaTeX Font Info:    Checking defaults for OML/cmm/m/it on input line 28.
LaTeX Font Info:    ... okay on input line 28.
LaTeX Font Info:    Checking defaults for T1/cmr/m/n on input line 28.
LaTeX Font Info:    ... okay on input line 28.
LaTeX Font Info:    Checking defaults for OT1/cmr/m/n on input line 28.
LaTeX Font Info:    ... okay on input line 28.
LaTeX Font Info:    Checking defaults for OMS/cmsy/m/n on input line 28.
LaTeX Font Info:    ... okay on input line 28.
LaTeX Font Info:    Checking defaults for OMX/cmex/m/n on input line 28.
LaTeX Font Info:    ... okay on input line 28.
LaTeX Font Info:    Checking defaults for U/cmr/m/n on input line 28.
LaTeX Font Info:    ... okay on input line 28.
LaTeX Font Info:    Checking defaults for PD1/pdf/m/n on input line 28.
LaTeX Font Info:    ... okay on input line 28.
\c@lstlisting=\count130

(/usr/share/texlive/texmf-dist/tex/context/base/supp-pdf.mkii
[Loading MPS to PDF converter (version 2006.09.02).]
\scratchcounter=\count131
\scratchdimen=\dimen130
\scratchbox=\box30
\nofMPsegments=\count132
\nofMParguments=\count133
\everyMPshowfont=\toks30
\MPscratchCnt=\count134
\MPscratchDim=\dimen131
\MPnumerator=\count135
\makeMPintoPDFobject=\count136
\everyMPtoPDFconversion=\toks31
) (/usr/share/texlive/texmf-dist/tex/latex/oberdiek/epstopdf-base.sty
Package: epstopdf-base 2010/02/09 v2.5 Base part for package epstopdf

(/usr/share/texlive/texmf-dist/tex/latex/oberdiek/grfext.sty
Package: grfext 2010/08/19 v1.1 Manage graphics extensions (HO)
)
Package grfext Info: Graphics extension search list:
(grfext)             [.png,.pdf,.jpg,.mps,.jpeg,.jbig2,.jb2,.PNG,.PDF,.JPG,.JPE
G,.JBIG2,.JB2,.eps]
(grfext)             \AppendGraphicsExtensions on input line 452.

(/usr/share/texlive/texmf-dist/tex/latex/latexconfig/epstopdf-sys.cfg
File: epstopdf-sys.cfg 2010/07/13 v1.3 Configuration of (r)epstopdf for TeX Liv
e
))
Package caption Info: Begin \AtBeginDocument code.
Package caption Info: hyperref package is loaded.
Package caption Info: End \AtBeginDocument code.
\AtBeginShipoutBox=\box31
Package hyperref Info: Link coloring OFF on input line 28.

(/usr/share/texlive/texmf-dist/tex/latex/hyperref/nameref.sty
Package: nameref 2012/10/27 v2.43 Cross-referencing by name of section

(/usr/share/texlive/texmf-dist/tex/generic/oberdiek/gettitlestring.sty
Package: gettitlestring 2010/12/03 v1.4 Cleanup title references (HO)
)
\c@section@level=\count137
)
LaTeX Info: Redefining \ref on input line 28.
LaTeX Info: Redefining \pageref on input line 28.
LaTeX Info: Redefining \nameref on input line 28.

(./final.out) (./final.out)
\@outlinefile=\write3
\openout3 = `final.out'.

LaTeX Info: Redefining \. on input line 28.
LaTeX Info: Redefining \% on input line 28.
LaTeX Font Info:    Try loading font information for U+msa on input line 33.

(/usr/share/texlive/texmf-dist/tex/latex/amsfonts/umsa.fd
File: umsa.fd 2013/01/14 v3.01 AMS symbols A
)
LaTeX Font Info:    Try loading font information for U+msb on input line 33.

(/usr/share/texlive/texmf-dist/tex/latex/amsfonts/umsb.fd
File: umsb.fd 2013/01/14 v3.01 AMS symbols B
)

Package hyperref Warning: Token not allowed in a PDF string (PDFDocEncoding):
(hyperref)                removing `math shift' on input line 48.


Package hyperref Warning: Token not allowed in a PDF string (PDFDocEncoding):
(hyperref)                removing `\varepsilon' on input line 48.


Package hyperref Warning: Token not allowed in a PDF string (PDFDocEncoding):
(hyperref)                removing `math shift' on input line 48.

LaTeX Font Info:    Try loading font information for OMS+cmr on input line 57.
(/usr/share/texlive/texmf-dist/tex/latex/base/omscmr.fd
File: omscmr.fd 2014/09/29 v2.5h Standard LaTeX font definitions
)
LaTeX Font Info:    Font shape `OMS/cmr/m/n' in size <10> not available
(Font)              Font shape `OMS/cmsy/m/n' tried instead on input line 57.
 [1

{/var/lib/texmf/fonts/map/pdftex/updmap/pdftex.map}]
Underfull \hbox (badness 10000) in paragraph at lines 78--79

 []


Underfull \hbox (badness 10000) in paragraph at lines 83--84

 []

[2] [3]
Overfull \hbox (21.47304pt too wide) in paragraph at lines 198--199
[]\OT1/cmr/m/n/10 Ver https://blog.statsbot.co/singular-value-decomposition-tut
orial-52c695315254
 []


Underfull \hbox (badness 10000) in paragraph at lines 214--215

 []

[4] <cholesky.png, id=199, 260.47313pt x 224.33812pt>
File: cholesky.png Graphic file (type png)
 <use cholesky.png>
Package pdftex.def Info: cholesky.png used on input line 275.
(pdftex.def)             Requested size: 260.47249pt x 224.33757pt.

[5]
Underfull \hbox (badness 10000) in paragraph at lines 283--284

 []


Underfull \hbox (badness 10000) in paragraph at lines 285--286

 []


Overfull \hbox (19.80933pt too wide) in paragraph at lines 296--297
[]\OT1/cmr/m/n/10 Tomando de-ter-mi-nan-te ob-te-ne-mos $0 \OML/cmm/m/it/10 < d
et\OT1/cmr/m/n/10 (\OML/cmm/m/it/10 A[]\OT1/cmr/m/n/10 ) = \OML/cmm/m/it/10 det
\OT1/cmr/m/n/10 (\OML/cmm/m/it/10 L[]\OT1/cmr/m/n/10 )[] = \OML/cmm/m/it/10 l[]
:::l[][][] l[]$\OT1/cmr/m/n/10 .
 []

[6 <./cholesky.png>] [7] <noproof.jpg, id=226, 516.93124pt x 401.5pt>
File: noproof.jpg Graphic file (type jpg)

<use noproof.jpg>
Package pdftex.def Info: noproof.jpg used on input line 426.
(pdftex.def)             Requested size: 258.46498pt x 200.7495pt.
 [8] <gershgorin.png, id=236, 677.53125pt x 536.75531pt>
File: gershgorin.png Graphic file (type png)

<use gershgorin.png>
Package pdftex.def Info: gershgorin.png used on input line 449.
(pdftex.def)             Requested size: 271.00769pt x 214.6983pt.


Package caption Warning: \captionsetup{type*=...} or \captionof
(caption)                outside box or environment on input line 450.
See the caption package documentation for explanation.


Package caption Warning: The option `hypcap=true' will be ignored for this
(caption)                particular \caption on input line 450.
See the caption package documentation for explanation.

[9 <./noproof.jpg> <./gershgorin.png>]
Underfull \hbox (badness 10000) in paragraph at lines 488--489

 []


Underfull \hbox (badness 10000) in paragraph at lines 490--493

 []

[10]
Underfull \hbox (badness 10000) in paragraph at lines 494--495

 []


Underfull \hbox (badness 10000) in paragraph at lines 497--498

 []


Underfull \hbox (badness 10000) in paragraph at lines 505--506

 []


Underfull \hbox (badness 10000) in paragraph at lines 507--508

 []


Underfull \hbox (badness 10000) in paragraph at lines 509--510

 []


Underfull \hbox (badness 10000) in paragraph at lines 518--519

 []

[11]
Underfull \hbox (badness 10000) in paragraph at lines 571--572

 []


Underfull \hbox (badness 10000) in paragraph at lines 575--576

 []


Underfull \hbox (badness 10000) in paragraph at lines 579--580

 []


Underfull \hbox (badness 10000) in paragraph at lines 583--584

 []


Underfull \hbox (badness 10000) in paragraph at lines 585--586

 []


Underfull \hbox (badness 10000) in paragraph at lines 601--602

 []

[12]
Underfull \hbox (badness 10000) in paragraph at lines 619--620

 []


Underfull \hbox (badness 10000) in paragraph at lines 627--628

 []


Underfull \hbox (badness 10000) in paragraph at lines 629--630

 []


Underfull \hbox (badness 10000) in paragraph at lines 631--632

 []

<householder1.png, id=267, 304.88907pt x 246.9225pt>
File: householder1.png Graphic file (type png)
 <use householder1.png>
Package pdftex.def Info: householder1.png used on input line 650.
(pdftex.def)             Requested size: 304.88832pt x 246.92188pt.


Package caption Warning: The option `hypcap=true' will be ignored for this
(caption)                particular \caption on input line 651.
See the caption package documentation for explanation.

[13]
Underfull \hbox (badness 10000) in paragraph at lines 653--654

 []


Underfull \hbox (badness 10000) in paragraph at lines 655--656

 []


Underfull \hbox (badness 10000) in paragraph at lines 657--658

 []

<householder3.png, id=273, 280.04625pt x 222.07968pt>
File: householder3.png Graphic file (type png)
 <use householder3.png>
Package pdftex.def Info: householder3.png used on input line 663.
(pdftex.def)             Requested size: 280.04555pt x 222.07913pt.

[14 <./householder1.png>]
Underfull \hbox (badness 10000) in paragraph at lines 665--666

 []


Underfull \hbox (badness 10000) in paragraph at lines 672--673

 []


Underfull \hbox (badness 10000) in paragraph at lines 674--675

 []


Underfull \hbox (badness 10000) in paragraph at lines 676--677

 []


Underfull \hbox (badness 10000) in paragraph at lines 678--679

 []


Underfull \hbox (badness 10000) in paragraph at lines 680--681

 []


Underfull \hbox (badness 10000) in paragraph at lines 682--683

 []

[15 <./householder3.png>]
Underfull \hbox (badness 10000) in paragraph at lines 742--743

 []


Underfull \hbox (badness 10000) in paragraph at lines 744--745

 []


Underfull \hbox (badness 10000) in paragraph at lines 746--747

 []


Underfull \hbox (badness 10000) in paragraph at lines 748--749

 []


Underfull \hbox (badness 10000) in paragraph at lines 750--751

 []


Underfull \hbox (badness 10000) in paragraph at lines 758--759

 []

[16]
Underfull \hbox (badness 10000) in paragraph at lines 760--762

 []


Underfull \hbox (badness 10000) in paragraph at lines 763--764

 []


Underfull \hbox (badness 10000) in paragraph at lines 765--766

 []


Underfull \hbox (badness 10000) in paragraph at lines 794--795

 []

[17]
Underfull \hbox (badness 10000) in paragraph at lines 814--815

 []


Underfull \hbox (badness 10000) in paragraph at lines 831--832

 []


Underfull \hbox (badness 10000) in paragraph at lines 848--849

 []


Underfull \hbox (badness 10000) in paragraph at lines 858--859

 []


Underfull \hbox (badness 2512) in paragraph at lines 862--864
[]$\OML/cmm/m/it/10 n \OMS/cmsy/m/n/10 ) \OML/cmm/m/it/10 n \OT1/cmr/m/n/10 + 1
 :$ Sa-be-mos que $\OML/cmm/m/it/10 p[]\OT1/cmr/m/n/10 (\OML/cmm/m/it/10 x\OT1/
cmr/m/n/10 ) = \OML/cmm/m/it/10 a[] \OT1/cmr/m/n/10 + \OML/cmm/m/it/10 a[]\OT1/
cmr/m/n/10 (\OML/cmm/m/it/10 x \OMS/cmsy/m/n/10 ^^@ \OML/cmm/m/it/10 x[]\OT1/cm
r/m/n/10 ) + \OML/cmm/m/it/10 a[]\OT1/cmr/m/n/10 (\OML/cmm/m/it/10 x \OMS/cmsy/
m/n/10 ^^@
 []


Underfull \hbox (badness 1762) in paragraph at lines 862--864
\OML/cmm/m/it/10 x[]\OT1/cmr/m/n/10 )(\OML/cmm/m/it/10 x \OMS/cmsy/m/n/10 ^^@ \
OML/cmm/m/it/10 x[]\OT1/cmr/m/n/10 ) + \OML/cmm/m/it/10 ::: \OT1/cmr/m/n/10 + \
OML/cmm/m/it/10 a[]\OT1/cmr/m/n/10 (\OML/cmm/m/it/10 x \OMS/cmsy/m/n/10 ^^@ \OM
L/cmm/m/it/10 x[]\OT1/cmr/m/n/10 )\OML/cmm/m/it/10 :::\OT1/cmr/m/n/10 (\OML/cmm
/m/it/10 x \OMS/cmsy/m/n/10 ^^@ \OML/cmm/m/it/10 x[]\OT1/cmr/m/n/10 )$ in-ter-p
o-la a $\OML/cmm/m/it/10 x[]; :::; x[]$ \OT1/cmr/m/n/10 y que
 []


Underfull \hbox (badness 10000) in paragraph at lines 862--864

 []

[18]
Underfull \hbox (badness 3838) in paragraph at lines 883--884
[]\OT1/cmr/m/n/10 Restando $\OML/cmm/m/it/10 p[]\OT1/cmr/m/n/10 (\OML/cmm/m/it/
10 x\OT1/cmr/m/n/10 )$ ob-te-ne-mos $\OML/cmm/m/it/10 E[]\OT1/cmr/m/n/10 (\OML/
cmm/m/it/10 x\OT1/cmr/m/n/10 ) = \OML/cmm/m/it/10 f\OT1/cmr/m/n/10 [\OML/cmm/m/
it/10 x[]; :::; x[]\OT1/cmr/m/n/10 ]\OML/cmm/m/it/10 W[]\OT1/cmr/m/n/10 (\OML/c
mm/m/it/10 x[]\OT1/cmr/m/n/10 )$, co-mo
 []


Underfull \hbox (badness 10000) in paragraph at lines 899--900

 []

[19]
Underfull \hbox (badness 10000) in paragraph at lines 926--927

 []


Underfull \hbox (badness 10000) in paragraph at lines 937--938

 []


Underfull \hbox (badness 10000) in paragraph at lines 941--942

 []


Underfull \hbox (badness 10000) in paragraph at lines 951--952

 []


Underfull \hbox (badness 10000) in paragraph at lines 953--960

 []

[20] [21]
Underfull \hbox (badness 10000) in paragraph at lines 1020--1021

 []


Underfull \hbox (badness 10000) in paragraph at lines 1022--1023

 []


Underfull \hbox (badness 10000) in paragraph at lines 1024--1025

 []


Underfull \hbox (badness 10000) in paragraph at lines 1026--1027

 []


Underfull \hbox (badness 10000) in paragraph at lines 1032--1033

 []


Underfull \hbox (badness 10000) in paragraph at lines 1037--1038

 []


Underfull \hbox (badness 10000) in paragraph at lines 1043--1047

 []


Underfull \hbox (badness 10000) in paragraph at lines 1051--1052

 []

[22]
Underfull \hbox (badness 10000) in paragraph at lines 1055--1056

 []


Underfull \hbox (badness 10000) in paragraph at lines 1065--1066

 []


Underfull \hbox (badness 10000) in paragraph at lines 1110--1111

 []

[23]
Underfull \hbox (badness 10000) in paragraph at lines 1112--1115

 []


Underfull \hbox (badness 10000) in paragraph at lines 1119--1120

 []


Underfull \hbox (badness 1803) in paragraph at lines 1121--1123
[]\OT1/cmr/m/n/10 Podemos es-cri-bir $\OML/cmm/m/it/10 q[]\OT1/cmr/m/n/10 (\OML
/cmm/m/it/10 x\OT1/cmr/m/n/10 ) = \OML/cmm/m/it/10 xr[] \OT1/cmr/m/n/10 + \OML/
cmm/m/it/10 q[]\OT1/cmr/m/n/10 (0)$. In-ter-ca-le-mos $\OML/cmm/m/it/10 xq[]$\O
T1/cmr/m/n/10 . Que-da:
 []


Underfull \hbox (badness 10000) in paragraph at lines 1121--1123

 []


Underfull \hbox (badness 10000) in paragraph at lines 1124--1125

 []


Underfull \hbox (badness 10000) in paragraph at lines 1126--1127

 []


Underfull \hbox (badness 10000) in paragraph at lines 1128--1129

 []


Underfull \hbox (badness 10000) in paragraph at lines 1130--1131

 []


Underfull \hbox (badness 10000) in paragraph at lines 1132--1133

 []


Underfull \hbox (badness 10000) in paragraph at lines 1134--1135

 []

[24]
Underfull \hbox (badness 10000) in paragraph at lines 1163--1167

 []


Underfull \hbox (badness 10000) in paragraph at lines 1175--1176

 []


Underfull \hbox (badness 10000) in paragraph at lines 1188--1190

 []

[25]
Underfull \hbox (badness 10000) in paragraph at lines 1212--1213

 []


Underfull \hbox (badness 10000) in paragraph at lines 1216--1217

 []


Underfull \hbox (badness 10000) in paragraph at lines 1250--1251

 []

[26]
Underfull \hbox (badness 1127) in paragraph at lines 1293--1295
\OT1/cmr/bx/n/10 Teorema 24. \OT1/cmr/m/it/10 En una cua-dra-tu-ra Gaus-sia-na,
 te-ne-mos: $\OML/cmm/m/it/10 I\OT1/cmr/m/n/10 (\OML/cmm/m/it/10 f\OT1/cmr/m/n/
10 ) \OMS/cmsy/m/n/10 ^^@ \OML/cmm/m/it/10 Q\OT1/cmr/m/n/10 (\OML/cmm/m/it/10 f
\OT1/cmr/m/n/10 ) =
 []


Underfull \hbox (badness 10000) in paragraph at lines 1316--1317

 []

[27]
Underfull \hbox (badness 10000) in paragraph at lines 1318--1319

 []


Underfull \hbox (badness 10000) in paragraph at lines 1320--1321

 []

<biseccion.png, id=373, 1204.5pt x 1404.24625pt>
File: biseccion.png Graphic file (type png)
 <use biseccion.png>
Package pdftex.def Info: biseccion.png used on input line 1356.
(pdftex.def)             Requested size: 156.5905pt x 182.55841pt.
 [28]
Underfull \hbox (badness 10000) in paragraph at lines 1360--1361

 []


Underfull \hbox (badness 10000) in paragraph at lines 1366--1367

 []


Underfull \hbox (badness 10000) in paragraph at lines 1368--1369

 []


Underfull \hbox (badness 10000) in paragraph at lines 1375--1376

 []

<regula_falsi.png, id=380, 846.16125pt x 759.83875pt>
File: regula_falsi.png Graphic file (type png)
 <use regula_falsi.png>
Package pdftex.def Info: regula_falsi.png used on input line 1377.
(pdftex.def)             Requested size: 194.61299pt x 174.75923pt.

[29 <./biseccion.png>] <newton_raphson.png, id=388, 498.86375pt x 377.41pt>
File: newton_raphson.png Graphic file (type png)

<use newton_raphson.png>
Package pdftex.def Info: newton_raphson.png used on input line 1403.
(pdftex.def)             Requested size: 249.43126pt x 188.70453pt.
 [30 <./regula_falsi.png>] [31 <./newton_raphson.png>]
Underfull \hbox (badness 10000) in paragraph at lines 1474--1475

 []


Underfull \hbox (badness 10000) in paragraph at lines 1486--1487

 []

[32]
Underfull \hbox (badness 10000) in paragraph at lines 1527--1529

 []


Underfull \hbox (badness 10000) in paragraph at lines 1531--1532

 []


Underfull \hbox (badness 10000) in paragraph at lines 1535--1536

 []


Underfull \hbox (badness 10000) in paragraph at lines 1547--1548
[]\OT1/cmr/m/n/10 Multiplicando y di-vi-dien-do por $\OML/cmm/m/it/10 x[] \OMS/
cmsy/m/n/10 ^^@ \OML/cmm/m/it/10 x[]$ \OT1/cmr/m/n/10 ob-te-ne-mos $\OML/cmm/m/
it/10 e[] \OT1/cmr/m/n/10 =
 []

[33]
Underfull \hbox (badness 3780) in paragraph at lines 1561--1563
[]\OT1/cmr/m/n/10 Volviendo al error, ob-te-ne-mos en-ton-ces que $\OMS/cmsy/m/
n/10 9 \OML/cmm/m/it/10 ^^\[]$ \OT1/cmr/m/n/10 tal que $\OML/cmm/m/it/10 e[] \O
T1/cmr/m/n/10 =
 []


Underfull \hbox (badness 10000) in paragraph at lines 1570--1571

 []

[34] [35]
Underfull \hbox (badness 10000) in paragraph at lines 1632--1633

 []


Underfull \hbox (badness 10000) in paragraph at lines 1638--1639

 []


Underfull \hbox (badness 10000) in paragraph at lines 1689--1690

 []


Underfull \hbox (badness 10000) in paragraph at lines 1698--1699

 []


Underfull \hbox (badness 10000) in paragraph at lines 1715--1716

 []

[36]
Underfull \hbox (badness 10000) in paragraph at lines 1717--1718

 []


Underfull \hbox (badness 10000) in paragraph at lines 1719--1720

 []


Underfull \hbox (badness 10000) in paragraph at lines 1721--1722

 []


Underfull \hbox (badness 10000) in paragraph at lines 1745--1746

 []


Underfull \hbox (badness 10000) in paragraph at lines 1749--1750

 []


Underfull \hbox (badness 10000) in paragraph at lines 1751--1752

 []

[37]
Package atveryend Info: Empty hook `BeforeClearDocument' on input line 1755.
 [38]
Package atveryend Info: Empty hook `AfterLastShipout' on input line 1755.
 (./final.aux
LaTeX Info: Redefining \. on input line 23.
LaTeX Info: Redefining \% on input line 23.
)
Package atveryend Info: Executing hook `AtVeryEndDocument' on input line 1755.
Package atveryend Info: Executing hook `AtEndAfterFileList' on input line 1755.

Package rerunfilecheck Info: File `final.out' has not changed.
(rerunfilecheck)             Checksum: C747C3B4E773B35DE5783B42F76ED83B;2816.
Package atveryend Info: Empty hook `AtVeryVeryEnd' on input line 1755.
 )
(\end occurred inside a group at level 1)

### simple group (level 1) entered at line 487 ({)
### bottom level 
Here is how much of TeX's memory you used:
 9568 strings out of 493029
 138202 string characters out of 6136234
 238430 words of memory out of 5000000
 12825 multiletter control sequences out of 15000+600000
 14460 words of font info for 55 fonts, out of 8000000 for 9000
 1141 hyphenation exceptions out of 8191
 36i,12n,39p,929b,517s stack positions out of 5000i,500n,10000p,200000b,80000s
</usr/share/texlive/texmf-dist/fonts/type1/public/amsfonts/cm/c
mbx10.pfb></usr/share/texlive/texmf-dist/fonts/type1/public/amsfonts/cm/cmbx12.
pfb></usr/share/texlive/texmf-dist/fonts/type1/public/amsfonts/cm/cmbx9.pfb></u
sr/share/texlive/texmf-dist/fonts/type1/public/amsfonts/cm/cmbxti10.pfb></usr/s
hare/texlive/texmf-dist/fonts/type1/public/amsfonts/cm/cmex10.pfb></usr/share/t
exlive/texmf-dist/fonts/type1/public/amsfonts/cmextra/cmex7.pfb></usr/share/tex
live/texmf-dist/fonts/type1/public/amsfonts/cm/cmmi10.pfb></usr/share/texlive/t
exmf-dist/fonts/type1/public/amsfonts/cm/cmmi12.pfb></usr/share/texlive/texmf-d
ist/fonts/type1/public/amsfonts/cm/cmmi5.pfb></usr/share/texlive/texmf-dist/fon
ts/type1/public/amsfonts/cm/cmmi7.pfb></usr/share/texlive/texmf-dist/fonts/type
1/public/amsfonts/cm/cmr10.pfb></usr/share/texlive/texmf-dist/fonts/type1/publi
c/amsfonts/cm/cmr5.pfb></usr/share/texlive/texmf-dist/fonts/type1/public/amsfon
ts/cm/cmr6.pfb></usr/share/texlive/texmf-dist/fonts/type1/public/amsfonts/cm/cm
r7.pfb></usr/share/texlive/texmf-dist/fonts/type1/public/amsfonts/cm/cmr9.pfb><
/usr/share/texlive/texmf-dist/fonts/type1/public/amsfonts/cm/cmsy10.pfb></usr/s
hare/texlive/texmf-dist/fonts/type1/public/amsfonts/cm/cmsy5.pfb></usr/share/te
xlive/texmf-dist/fonts/type1/public/amsfonts/cm/cmsy7.pfb></usr/share/texlive/t
exmf-dist/fonts/type1/public/amsfonts/cm/cmti10.pfb></usr/share/texlive/texmf-d
ist/fonts/type1/public/amsfonts/cm/cmti7.pfb></usr/share/texlive/texmf-dist/fon
ts/type1/public/amsfonts/symbols/msbm10.pfb>
Output written on final.pdf (38 pages, 684144 bytes).
PDF statistics:
 546 PDF objects out of 1000 (max. 8388607)
 465 compressed objects within 5 object streams
 162 named destinations out of 1000 (max. 500000)
 345 words of extra memory for PDF output out of 10000 (max. 10000000)

